::1 - - [02/Nov/2017:22:59:35 +0800] "GET / HTTP/1.1" 404 38
::1 - - [02/Nov/2017:22:59:35 +0800] "GET /favicon.ico HTTP/1.1" 404 14
::1 - - [02/Nov/2017:22:59:58 +0800] "GET /blog HTTP/1.1" 404 38
::1 - - [02/Nov/2017:23:07:18 +0800] "GET /favicon.ico HTTP/1.1" 502 40
::1 - - [02/Nov/2017:23:07:18 +0800] "GET / HTTP/1.1" 502 40
::1 - - [02/Nov/2017:23:07:22 +0800] "GET / HTTP/1.1" 502 40
::1 - - [02/Nov/2017:23:09:41 +0800] "GET / HTTP/1.1" 502 40
::1 - - [02/Nov/2017:23:10:16 +0800] "GET / HTTP/1.1" 502 40
::1 - - [02/Nov/2017:23:13:32 +0800] "GET / HTTP/1.1" 200 23844
::1 - - [02/Nov/2017:23:13:42 +0800] "GET / HTTP/1.1" 200 23854
::1 - - [02/Nov/2017:23:17:25 +0800] "GET / HTTP/1.1" 200 23855
::1 - - [02/Nov/2017:23:17:32 +0800] "GET /favicon.ico HTTP/1.1" 200 23764
::1 - - [02/Nov/2017:23:17:34 +0800] "GET /admin HTTP/1.1" 200 23830
::1 - - [02/Nov/2017:23:17:38 +0800] "GET /admin/a HTTP/1.1" 200 23832
::1 - - [02/Nov/2017:23:17:44 +0800] "GET /index.php HTTP/1.1" 200 23828
::1 - - [02/Nov/2017:23:17:50 +0800] "GET /index2.php HTTP/1.1" 200 23833
::1 - - [02/Nov/2017:23:17:55 +0800] "GET /index.php HTTP/1.1" 200 23830
::1 - - [02/Nov/2017:23:19:57 +0800] "GET /index.php HTTP/1.1" 200 23855
::1 - - [02/Nov/2017:23:19:58 +0800] "GET /index.php HTTP/1.1" 200 23844
::1 - - [02/Nov/2017:23:20:34 +0800] "GET /index.php HTTP/1.1" 200 25128
::1 - - [02/Nov/2017:23:21:00 +0800] "GET /index.php HTTP/1.1" 200 25119
::1 - - [02/Nov/2017:23:21:42 +0800] "GET /index.php HTTP/1.1" 200 23852
::1 - - [02/Nov/2017:23:28:20 +0800] "GET /index.php HTTP/1.1" 200 23849
::1 - - [02/Nov/2017:23:28:23 +0800] "GET /index.php HTTP/1.1" 200 23847
::1 - - [02/Nov/2017:23:28:42 +0800] "GET /favicon.ico HTTP/1.1" 200 23762
::1 - - [02/Nov/2017:23:54:06 +0800] "GET / HTTP/1.1" 200 21825
::1 - - [02/Nov/2017:23:54:06 +0800] "GET /favicon.ico HTTP/1.1" 200 21814
::1 - - [03/Nov/2017:00:00:31 +0800] "GET / HTTP/1.1" 200 21859
::1 - - [03/Nov/2017:00:00:31 +0800] "GET /favicon.ico HTTP/1.1" 200 21844
::1 - - [03/Nov/2017:00:56:46 +0800] "GET / HTTP/1.1" 200 21624
::1 - - [03/Nov/2017:00:56:47 +0800] "GET /favicon.ico HTTP/1.1" 200 21603
::1 - - [03/Nov/2017:01:04:09 +0800] "GET / HTTP/1.1" 200 21635
::1 - - [03/Nov/2017:01:04:09 +0800] "GET /favicon.ico HTTP/1.1" 200 21601
::1 - - [03/Nov/2017:01:09:15 +0800] "GET / HTTP/1.1" 200 21650
::1 - - [03/Nov/2017:01:09:16 +0800] "GET /favicon.ico HTTP/1.1" 200 21644
